Mono path[0] = 'E:/SteamLibrary/steamapps/common/RimWorld/RimWorldWin64_Data/Managed'
Mono config path = 'E:/SteamLibrary/steamapps/common/RimWorld/MonoBleedingEdge/etc'
Initialize engine version: 2019.4.30f1 (e8c891080a1f)
[Subsystems] Discovering subsystems at path E:/SteamLibrary/steamapps/common/RimWorld/RimWorldWin64_Data/UnitySubsystems
GfxDevice: creating device client; threaded=1
Direct3D:
    Version:  Direct3D 11.0 [level 11.1]
    Renderer: NVIDIA GeForce RTX 2060 (ID=0x1f08)
    Vendor:   
    VRAM:     5980 MB
    Driver:   31.0.15.1694
Begin MonoManager ReloadAssembly
- Completed reload, in  0.135 seconds
<RI> Initializing input.
<RI> Input initialized.
<RI> Initialized touch support.
UnloadTime: 0.582100 ms
RimWorld 1.4.3580 rev1304
Fallback handler could not load library E:/SteamLibrary/steamapps/common/RimWorld/RimWorldWin64_Data/Mono/data-0000028B8C85E020.dll
Fallback handler could not load library E:/SteamLibrary/steamapps/common/RimWorld/RimWorldWin64_Data/Mono/data-0000028B8AE0A3E0.dll
Fallback handler could not load library E:/SteamLibrary/steamapps/common/RimWorld/RimWorldWin64_Data/Mono/data-0000028B8C941830.dll
Fallback handler could not load library E:/SteamLibrary/steamapps/common/RimWorld/RimWorldWin64_Data/Mono/data-0000028B8C973E40.dll
Fallback handler could not load library E:/SteamLibrary/steamapps/common/RimWorld/RimWorldWin64_Data/Mono/data-0000028B8CA87E70.dll
Fallback handler could not load library E:/SteamLibrary/steamapps/common/RimWorld/RimWorldWin64_Data/Mono/data-0000028B8C7ACA20.dll
Fallback handler could not load library E:/SteamLibrary/steamapps/common/RimWorld/RimWorldWin64_Data/Mono/data-0000028B8C774020.dll
Fallback handler could not load library E:/SteamLibrary/steamapps/common/RimWorld/RimWorldWin64_Data/Mono/data-0000028B8C7B8030.dll
Fallback handler could not load library E:/SteamLibrary/steamapps/common/RimWorld/RimWorldWin64_Data/Mono/data-0000028B8CB6B020.dll
Fallback handler could not load library E:/SteamLibrary/steamapps/common/RimWorld/RimWorldWin64_Data/Mono/data-0000028B8CC69240.dll
Fallback handler could not load library E:/SteamLibrary/steamapps/common/RimWorld/RimWorldWin64_Data/Mono/data-0000028B8CD4E020.dll
Fallback handler could not load library E:/SteamLibrary/steamapps/common/RimWorld/RimWorldWin64_Data/Mono/data-0000028B8CD51A30.dll
Fallback handler could not load library E:/SteamLibrary/steamapps/common/RimWorld/RimWorldWin64_Data/Mono/data-0000028B8CD54C40.dll
Fallback handler could not load library E:/SteamLibrary/steamapps/common/RimWorld/RimWorldWin64_Data/Mono/data-0000028B8ADCC740.dll
Fallback handler could not load library E:/SteamLibrary/steamapps/common/RimWorld/RimWorldWin64_Data/Mono/data-0000028B8CDBB010.dll
Fallback handler could not load library E:/SteamLibrary/steamapps/common/RimWorld/RimWorldWin64_Data/Mono/data-0000028B8CDD9A30.dll
Fallback handler could not load library E:/SteamLibrary/steamapps/common/RimWorld/RimWorldWin64_Data/Mono/data-0000028B8CDF0E40.dll
Fallback handler could not load library E:/SteamLibrary/steamapps/common/RimWorld/RimWorldWin64_Data/Mono/data-0000028B8CDFAA50.dll
Fallback handler could not load library E:/SteamLibrary/steamapps/common/RimWorld/RimWorldWin64_Data/Mono/data-0000028B8CE26070.dll
Fallback handler could not load library E:/SteamLibrary/steamapps/common/RimWorld/RimWorldWin64_Data/Mono/data-0000028B8CE29480.dll
Fallback handler could not load library E:/SteamLibrary/steamapps/common/RimWorld/RimWorldWin64_Data/Mono/data-0000028B8CDAA5A0.dll
Fallback handler could not load library E:/SteamLibrary/steamapps/common/RimWorld/RimWorldWin64_Data/Mono/data-0000028B8D2DF0A0.dll
[HugsLib] version 10.0.1
Fallback handler could not load library E:/SteamLibrary/steamapps/common/RimWorld/RimWorldWin64_Data/Mono/data-0000028B8DE94060.dll
[HugsLib] early-initializing AllowTool
Fallback handler could not load library E:/SteamLibrary/steamapps/common/RimWorld/RimWorldWin64_Data/Mono/data-0000028B8E9784C0.dll
Fallback handler could not load library E:/SteamLibrary/steamapps/common/RimWorld/RimWorldWin64_Data/Mono/data-0000028B8EA6A050.dll
Fallback handler could not load library E:/SteamLibrary/steamapps/common/RimWorld/RimWorldWin64_Data/Mono/data-0000028B8EA8D270.dll
[CMColorCodedMoodBar] CMColorCodedMoodBar 1.4.3580.1 initialized
[TrueTerrainColors v1.11] Loaded cached true colors for 119 terrain defs from file.
PickUpAndHaul v0.1.3.2⅔ welcomes you to RimWorld with pointless logspam.
[UnlimitedHugs.HugsLib] Patches on methods annotated as Obsolete were detected by HugsLib: Verse.Game.DeinitAndRemoveMap 
(Filename: C:\buildslave\unity\build\Runtime/Export/Debug/Debug.bindings.h Line: 39)

[AllowTool] Applied compatibility patch for "Pick Up And Haul"
[HugsLib] initializing com.github.alandariva.moreplanning
Unloading 5 Unused Serialized files (Serialized files now loaded: 0)
UnloadTime: 0.295800 ms

Unloading 187 unused Assets to reduce memory usage. Loaded Objects now: 14420.
Total: 99.611600 ms (FindLiveObjects: 0.702200 ms CreateObjectMapping: 0.184500 ms MarkObjects: 98.542500 ms  DeleteObjects: 0.182100 ms)

Loading game from file United Kingdom with mods:
  - brrainz.harmony
  - Ludeon.RimWorld
  - UnlimitedHugs.HugsLib
  - UnlimitedHugs.AllowTool
  - Fluffy.Blueprints
  - CrashM.ColorCodedMoodBar.11
  - avilmask.CommonSense
  - EdB.PrepareCarefully
  - m00nl1ght.MapPreview
  - com.github.alandariva.moreplanning
  - Mehni.PickUpAndHaul
  - Uuugggg.ReplaceStuff
  - rimfridge.kv.rw
  - PeteTimesSix.SimpleSidearms
  - VanillaExpanded.VTEXE
  - Creeper.BetterInfoCard
Exception while init loading file: C:/Users/oliv4/AppData/LocalLow/Ludeon Studios/RimWorld by Ludeon Studios\Saves\United Kingdom.rws
System.Xml.XmlException: '.', hexadecimal value 0x00, is an invalid character. Line 270426, position 1.
  at System.Xml.XmlTextReaderImpl.Throw (System.Exception e) [0x00027] in <0f9699188f0c414ea6fb5557f5c16d15>:0 
  at System.Xml.XmlTextReaderImpl.Throw (System.String res, System.String[] args) [0x00029] in <0f9699188f0c414ea6fb5557f5c16d15>:0 
  at System.Xml.XmlTextReaderImpl.Throw (System.Int32 pos, System.String res, System.String[] args) [0x0000c] in <0f9699188f0c414ea6fb5557f5c16d15>:0 
  at System.Xml.XmlTextReaderImpl.ThrowInvalidChar (System.Char[] data, System.Int32 length, System.Int32 invCharPos) [0x0000f] in <0f9699188f0c414ea6fb5557f5c16d15>:0 
  at System.Xml.XmlTextReaderImpl.ParseText (System.Int32& startPos, System.Int32& endPos, System.Int32& outOrChars) [0x0033c] in <0f9699188f0c414ea6fb5557f5c16d15>:0 
  at System.Xml.XmlTextReaderImpl.ParseText () [0x0003e] in <0f9699188f0c414ea6fb5557f5c16d15>:0 
  at System.Xml.XmlTextReaderImpl.ParseElementContent () [0x00192] in <0f9699188f0c414ea6fb5557f5c16d15>:0 
  at System.Xml.XmlTextReaderImpl.Read () [0x00085] in <0f9699188f0c414ea6fb5557f5c16d15>:0 
  at System.Xml.XmlLoader.LoadNode (System.Boolean skipOverWhitespace) [0x0025b] in <0f9699188f0c414ea6fb5557f5c16d15>:0 
  at System.Xml.XmlLoader.LoadDocSequence (System.Xml.XmlDocument parentDoc) [0x0001b] in <0f9699188f0c414ea6fb5557f5c16d15>:0 
  at System.Xml.XmlLoader.Load (System.Xml.XmlDocument doc, System.Xml.XmlReader reader, System.Boolean preserveWhitespace) [0x000b4] in <0f9699188f0c414ea6fb5557f5c16d15>:0 
  at System.Xml.XmlDocument.Load (System.Xml.XmlReader reader) [0x0002e] in <0f9699188f0c414ea6fb5557f5c16d15>:0 
  at Verse.ScribeLoader.InitLoading (System.String filePath) [0x0006c] in <3126aca1aad041dcbdeda807cfe004bf>:0  
(Filename: C:\buildslave\unity\build\Runtime/Export/Debug/Debug.bindings.h Line: 39)

Exception from asynchronous event: System.Xml.XmlException: '.', hexadecimal value 0x00, is an invalid character. Line 270426, position 1.
  at System.Xml.XmlTextReaderImpl.Throw (System.Exception e) [0x00027] in <0f9699188f0c414ea6fb5557f5c16d15>:0 
  at System.Xml.XmlTextReaderImpl.Throw (System.String res, System.String[] args) [0x00029] in <0f9699188f0c414ea6fb5557f5c16d15>:0 
  at System.Xml.XmlTextReaderImpl.Throw (System.Int32 pos, System.String res, System.String[] args) [0x0000c] in <0f9699188f0c414ea6fb5557f5c16d15>:0 
  at System.Xml.XmlTextReaderImpl.ThrowInvalidChar (System.Char[] data, System.Int32 length, System.Int32 invCharPos) [0x0000f] in <0f9699188f0c414ea6fb5557f5c16d15>:0 
  at System.Xml.XmlTextReaderImpl.ParseText (System.Int32& startPos, System.Int32& endPos, System.Int32& outOrChars) [0x0033c] in <0f9699188f0c414ea6fb5557f5c16d15>:0 
  at System.Xml.XmlTextReaderImpl.ParseText () [0x0003e] in <0f9699188f0c414ea6fb5557f5c16d15>:0 
  at System.Xml.XmlTextReaderImpl.ParseElementContent () [0x00192] in <0f9699188f0c414ea6fb5557f5c16d15>:0 
  at System.Xml.XmlTextReaderImpl.Read () [0x00085] in <0f9699188f0c414ea6fb5557f5c16d15>:0 
  at System.Xml.XmlLoader.LoadNode (System.Boolean skipOverWhitespace) [0x0025b] in <0f9699188f0c414ea6fb5557f5c16d15>:0 
  at System.Xml.XmlLoader.LoadDocSequence (System.Xml.XmlDocument parentDoc) [0x0001b] in <0f9699188f0c414ea6fb5557f5c16d15>:0 
  at System.Xml.XmlLoader.Load (System.Xml.XmlDocument doc, System.Xml.XmlReader reader, System.Boolean preserveWhitespace) [0x000b4] in <0f9699188f0c414ea6fb5557f5c16d15>:0 
  at System.Xml.XmlDocument.Load (System.Xml.XmlReader reader) [0x0002e] in <0f9699188f0c414ea6fb5557f5c16d15>:0 
  at Verse.ScribeLoader.InitLoading (System.String filePath) [0x000ce] in <3126aca1aad041dcbdeda807cfe004bf>:0 
  at Verse.SavedGameLoaderNow.LoadGameFromSaveFileNow (System.String fileName) [0x0007a] in <3126aca1aad041dcbdeda807cfe004bf>:0 
  at Verse.Root_Play+<>c.<Start>b__1_1 () [0x00005] in <3126aca1aad041dcbdeda807cfe004bf>:0 
  at Verse.LongEventHandler.RunEventFromAnotherThread (System.Action action) [0x00008] in <3126aca1aad041dcbdeda807cfe004bf>:0  
(Filename: C:\buildslave\unity\build\Runtime/Export/Debug/Debug.bindings.h Line: 39)

Unloading 2 Unused Serialized files (Serialized files now loaded: 0)
UnloadTime: 0.375200 ms

Unloading 2 unused Assets to reduce memory usage. Loaded Objects now: 14406.
Total: 98.845000 ms (FindLiveObjects: 0.885300 ms CreateObjectMapping: 0.173600 ms MarkObjects: 97.741500 ms  DeleteObjects: 0.044300 ms)

Unloading 1 Unused Serialized files (Serialized files now loaded: 0)

Unloading 1 unused Assets to reduce memory usage. Loaded Objects now: 14407.
Total: 100.972900 ms (FindLiveObjects: 0.549500 ms CreateObjectMapping: 0.170200 ms MarkObjects: 100.199300 ms  DeleteObjects: 0.053700 ms)

Unloading 2 Unused Serialized files (Serialized files now loaded: 0)
UnloadTime: 0.266200 ms

Unloading 1 unused Assets to reduce memory usage. Loaded Objects now: 14427.
Total: 99.835000 ms (FindLiveObjects: 0.811400 ms CreateObjectMapping: 0.169200 ms MarkObjects: 98.822000 ms  DeleteObjects: 0.032000 ms)

Loading game from file United Kingdom with mods:
  - brrainz.harmony
  - Ludeon.RimWorld
  - UnlimitedHugs.HugsLib
  - UnlimitedHugs.AllowTool
  - Fluffy.Blueprints
  - CrashM.ColorCodedMoodBar.11
  - avilmask.CommonSense
  - EdB.PrepareCarefully
  - m00nl1ght.MapPreview
  - com.github.alandariva.moreplanning
  - Mehni.PickUpAndHaul
  - Uuugggg.ReplaceStuff
  - rimfridge.kv.rw
  - PeteTimesSix.SimpleSidearms
  - VanillaExpanded.VTEXE
  - Creeper.BetterInfoCard
Exception while init loading file: C:/Users/oliv4/AppData/LocalLow/Ludeon Studios/RimWorld by Ludeon Studios\Saves\United Kingdom.rws
System.Xml.XmlException: '.', hexadecimal value 0x00, is an invalid character. Line 270426, position 1.
  at System.Xml.XmlTextReaderImpl.Throw (System.Exception e) [0x00027] in <0f9699188f0c414ea6fb5557f5c16d15>:0 
  at System.Xml.XmlTextReaderImpl.Throw (System.String res, System.String[] args) [0x00029] in <0f9699188f0c414ea6fb5557f5c16d15>:0 
  at System.Xml.XmlTextReaderImpl.Throw (System.Int32 pos, System.String res, System.String[] args) [0x0000c] in <0f9699188f0c414ea6fb5557f5c16d15>:0 
  at System.Xml.XmlTextReaderImpl.ThrowInvalidChar (System.Char[] data, System.Int32 length, System.Int32 invCharPos) [0x0000f] in <0f9699188f0c414ea6fb5557f5c16d15>:0 
  at System.Xml.XmlTextReaderImpl.ParseText (System.Int32& startPos, System.Int32& endPos, System.Int32& outOrChars) [0x0033c] in <0f9699188f0c414ea6fb5557f5c16d15>:0 
  at System.Xml.XmlTextReaderImpl.ParseText () [0x0003e] in <0f9699188f0c414ea6fb5557f5c16d15>:0 
  at System.Xml.XmlTextReaderImpl.ParseElementContent () [0x00192] in <0f9699188f0c414ea6fb5557f5c16d15>:0 
  at System.Xml.XmlTextReaderImpl.Read () [0x00085] in <0f9699188f0c414ea6fb5557f5c16d15>:0 
  at System.Xml.XmlLoader.LoadNode (System.Boolean skipOverWhitespace) [0x0025b] in <0f9699188f0c414ea6fb5557f5c16d15>:0 
  at System.Xml.XmlLoader.LoadDocSequence (System.Xml.XmlDocument parentDoc) [0x0001b] in <0f9699188f0c414ea6fb5557f5c16d15>:0 
  at System.Xml.XmlLoader.Load (System.Xml.XmlDocument doc, System.Xml.XmlReader reader, System.Boolean preserveWhitespace) [0x000b4] in <0f9699188f0c414ea6fb5557f5c16d15>:0 
  at System.Xml.XmlDocument.Load (System.Xml.XmlReader reader) [0x0002e] in <0f9699188f0c414ea6fb5557f5c16d15>:0 
  at Verse.ScribeLoader.InitLoading (System.String filePath) [0x0006c] in <3126aca1aad041dcbdeda807cfe004bf>:0  
(Filename: C:\buildslave\unity\build\Runtime/Export/Debug/Debug.bindings.h Line: 39)

Exception from asynchronous event: System.Xml.XmlException: '.', hexadecimal value 0x00, is an invalid character. Line 270426, position 1.
  at System.Xml.XmlTextReaderImpl.Throw (System.Exception e) [0x00027] in <0f9699188f0c414ea6fb5557f5c16d15>:0 
  at System.Xml.XmlTextReaderImpl.Throw (System.String res, System.String[] args) [0x00029] in <0f9699188f0c414ea6fb5557f5c16d15>:0 
  at System.Xml.XmlTextReaderImpl.Throw (System.Int32 pos, System.String res, System.String[] args) [0x0000c] in <0f9699188f0c414ea6fb5557f5c16d15>:0 
  at System.Xml.XmlTextReaderImpl.ThrowInvalidChar (System.Char[] data, System.Int32 length, System.Int32 invCharPos) [0x0000f] in <0f9699188f0c414ea6fb5557f5c16d15>:0 
  at System.Xml.XmlTextReaderImpl.ParseText (System.Int32& startPos, System.Int32& endPos, System.Int32& outOrChars) [0x0033c] in <0f9699188f0c414ea6fb5557f5c16d15>:0 
  at System.Xml.XmlTextReaderImpl.ParseText () [0x0003e] in <0f9699188f0c414ea6fb5557f5c16d15>:0 
  at System.Xml.XmlTextReaderImpl.ParseElementContent () [0x00192] in <0f9699188f0c414ea6fb5557f5c16d15>:0 
  at System.Xml.XmlTextReaderImpl.Read () [0x00085] in <0f9699188f0c414ea6fb5557f5c16d15>:0 
  at System.Xml.XmlLoader.LoadNode (System.Boolean skipOverWhitespace) [0x0025b] in <0f9699188f0c414ea6fb5557f5c16d15>:0 
  at System.Xml.XmlLoader.LoadDocSequence (System.Xml.XmlDocument parentDoc) [0x0001b] in <0f9699188f0c414ea6fb5557f5c16d15>:0 
  at System.Xml.XmlLoader.Load (System.Xml.XmlDocument doc, System.Xml.XmlReader reader, System.Boolean preserveWhitespace) [0x000b4] in <0f9699188f0c414ea6fb5557f5c16d15>:0 
  at System.Xml.XmlDocument.Load (System.Xml.XmlReader reader) [0x0002e] in <0f9699188f0c414ea6fb5557f5c16d15>:0 
  at Verse.ScribeLoader.InitLoading (System.String filePath) [0x000ce] in <3126aca1aad041dcbdeda807cfe004bf>:0 
  at Verse.SavedGameLoaderNow.LoadGameFromSaveFileNow (System.String fileName) [0x0007a] in <3126aca1aad041dcbdeda807cfe004bf>:0 
  at Verse.Root_Play+<>c.<Start>b__1_1 () [0x00005] in <3126aca1aad041dcbdeda807cfe004bf>:0 
  at Verse.LongEventHandler.RunEventFromAnotherThread (System.Action action) [0x00008] in <3126aca1aad041dcbdeda807cfe004bf>:0  
(Filename: C:\buildslave\unity\build\Runtime/Export/Debug/Debug.bindings.h Line: 39)

Unloading 2 Unused Serialized files (Serialized files now loaded: 0)
UnloadTime: 0.266700 ms

Unloading 2 unused Assets to reduce memory usage. Loaded Objects now: 14413.
Total: 99.644000 ms (FindLiveObjects: 0.624700 ms CreateObjectMapping: 0.176300 ms MarkObjects: 98.793900 ms  DeleteObjects: 0.048700 ms)

Setting up 6 worker threads for Enlighten.
  Thread -> id: 2c70 -> priority: 1 
  Thread -> id: 2ffc -> priority: 1 
  Thread -> id: 2c74 -> priority: 1 
  Thread -> id: 2f88 -> priority: 1 
  Thread -> id: 369c -> priority: 1 
  Thread -> id: 1d74 -> priority: 1 
